<?xml version="1.0" encoding="UTF-8"?>
<testsuite xmlns:xsi="http://www.w3.org/2001/XMLSchema-instance" xsi:noNamespaceSchemaLocation="https://maven.apache.org/surefire/maven-surefire-plugin/xsd/surefire-test-report.xsd" name="server.AppTest" time="0.012" tests="1" errors="0" skipped="0" failures="0">
  <properties>
    <property name="java.specification.version" value="19"/>
    <property name="sun.jnu.encoding" value="UTF-8"/>
    <property name="java.class.path" value="/Users/fotso/Desktop/IFT1025/TP2/target/test-classes:/Users/fotso/Desktop/IFT1025/TP2/target/classes:/Users/fotso/.m2/repository/junit/junit/4.11/junit-4.11.jar:/Users/fotso/.m2/repository/org/hamcrest/hamcrest-core/1.3/hamcrest-core-1.3.jar:/Users/fotso/.m2/repository/org/openjfx/javafx-fxml/13/javafx-fxml-13.jar:/Users/fotso/.m2/repository/org/openjfx/javafx-fxml/13/javafx-fxml-13-mac.jar:/Users/fotso/.m2/repository/org/openjfx/javafx-controls/19/javafx-controls-19.jar:/Users/fotso/.m2/repository/org/openjfx/javafx-controls/19/javafx-controls-19-mac-aarch64.jar:/Users/fotso/.m2/repository/org/openjfx/javafx-graphics/19/javafx-graphics-19.jar:/Users/fotso/.m2/repository/org/openjfx/javafx-graphics/19/javafx-graphics-19-mac-aarch64.jar:/Users/fotso/.m2/repository/org/openjfx/javafx-base/19/javafx-base-19.jar:/Users/fotso/.m2/repository/org/openjfx/javafx-base/19/javafx-base-19-mac-aarch64.jar:"/>
    <property name="java.vm.vendor" value="Oracle Corporation"/>
    <property name="sun.arch.data.model" value="64"/>
    <property name="java.vendor.url" value="https://java.oracle.com/"/>
    <property name="os.name" value="Mac OS X"/>
    <property name="java.vm.specification.version" value="19"/>
    <property name="sun.java.launcher" value="SUN_STANDARD"/>
    <property name="user.country" value="CA"/>
    <property name="sun.boot.library.path" value="/Library/Java/JavaVirtualMachines/jdk-19.jdk/Contents/Home/lib"/>
    <property name="sun.java.command" value="/Users/fotso/Desktop/IFT1025/TP2/target/surefire/surefirebooter17478529274520601633.jar /Users/fotso/Desktop/IFT1025/TP2/target/surefire 2023-04-06T15-34-53_185-jvmRun1 surefire1830523108273695831tmp surefire_014152293380680352526tmp"/>
    <property name="http.nonProxyHosts" value="local|*.local|169.254/16|*.169.254/16"/>
    <property name="jdk.debug" value="release"/>
    <property name="surefire.test.class.path" value="/Users/fotso/Desktop/IFT1025/TP2/target/test-classes:/Users/fotso/Desktop/IFT1025/TP2/target/classes:/Users/fotso/.m2/repository/junit/junit/4.11/junit-4.11.jar:/Users/fotso/.m2/repository/org/hamcrest/hamcrest-core/1.3/hamcrest-core-1.3.jar:/Users/fotso/.m2/repository/org/openjfx/javafx-fxml/13/javafx-fxml-13.jar:/Users/fotso/.m2/repository/org/openjfx/javafx-fxml/13/javafx-fxml-13-mac.jar:/Users/fotso/.m2/repository/org/openjfx/javafx-controls/19/javafx-controls-19.jar:/Users/fotso/.m2/repository/org/openjfx/javafx-controls/19/javafx-controls-19-mac-aarch64.jar:/Users/fotso/.m2/repository/org/openjfx/javafx-graphics/19/javafx-graphics-19.jar:/Users/fotso/.m2/repository/org/openjfx/javafx-graphics/19/javafx-graphics-19-mac-aarch64.jar:/Users/fotso/.m2/repository/org/openjfx/javafx-base/19/javafx-base-19.jar:/Users/fotso/.m2/repository/org/openjfx/javafx-base/19/javafx-base-19-mac-aarch64.jar:"/>
    <property name="sun.cpu.endian" value="little"/>
    <property name="user.home" value="/Users/fotso"/>
    <property name="user.language" value="en"/>
    <property name="java.specification.vendor" value="Oracle Corporation"/>
    <property name="java.version.date" value="2022-10-18"/>
    <property name="java.home" value="/Library/Java/JavaVirtualMachines/jdk-19.jdk/Contents/Home"/>
    <property name="file.separator" value="/"/>
    <property name="basedir" value="/Users/fotso/Desktop/IFT1025/TP2"/>
    <property name="java.vm.compressedOopsMode" value="Zero based"/>
    <property name="line.separator" value="&#10;"/>
    <property name="java.vm.specification.vendor" value="Oracle Corporation"/>
    <property name="java.specification.name" value="Java Platform API Specification"/>
    <property name="apple.awt.application.name" value="ForkedBooter"/>
    <property name="surefire.real.class.path" value="/Users/fotso/Desktop/IFT1025/TP2/target/surefire/surefirebooter17478529274520601633.jar"/>
    <property name="sun.management.compiler" value="HotSpot 64-Bit Tiered Compilers"/>
    <property name="ftp.nonProxyHosts" value="local|*.local|169.254/16|*.169.254/16"/>
    <property name="java.runtime.version" value="19.0.1+10-21"/>
    <property name="user.name" value="fotso"/>
    <property name="stdout.encoding" value="UTF-8"/>
    <property name="path.separator" value=":"/>
    <property name="os.version" value="13.1"/>
    <property name="java.runtime.name" value="Java(TM) SE Runtime Environment"/>
    <property name="file.encoding" value="UTF-8"/>
    <property name="java.vm.name" value="Java HotSpot(TM) 64-Bit Server VM"/>
    <property name="localRepository" value="/Users/fotso/.m2/repository"/>
    <property name="java.vendor.url.bug" value="https://bugreport.java.com/bugreport/"/>
    <property name="java.io.tmpdir" value="/var/folders/9v/x3mrnqb91b7blprwz1fxk32r0000gn/T/"/>
    <property name="idea.version" value="2023.1"/>
    <property name="java.version" value="19.0.1"/>
    <property name="user.dir" value="/Users/fotso/Desktop/IFT1025/TP2"/>
    <property name="os.arch" value="aarch64"/>
    <property name="java.vm.specification.name" value="Java Virtual Machine Specification"/>
    <property name="native.encoding" value="UTF-8"/>
    <property name="java.library.path" value="/Users/fotso/Library/Java/Extensions:/Library/Java/Extensions:/Network/Library/Java/Extensions:/System/Library/Java/Extensions:/usr/lib/java:."/>
    <property name="java.vm.info" value="mixed mode, sharing"/>
    <property name="stderr.encoding" value="UTF-8"/>
    <property name="java.vendor" value="Oracle Corporation"/>
    <property name="java.vm.version" value="19.0.1+10-21"/>
    <property name="sun.io.unicode.encoding" value="UnicodeBig"/>
    <property name="socksNonProxyHosts" value="local|*.local|169.254/16|*.169.254/16"/>
    <property name="java.class.version" value="63.0"/>
  </properties>
  <testcase name="shouldAnswerWithTrue" classname="server.AppTest" time="0.002"/>
</testsuite>